SD_DY_contig_26989810_27	K0IMG9	amoC_A	90.9	187	17	0	1	187	1	187	4.77E-128	359
ZJ_NB_contig_28413026||full_3	A0A075GYQ6	amoC_A	96.3	187	7	0	1	187	1	187	8.58E-131	366
ZJ_WZ_contig_21932960_5	A0A0D5C0I4	amoC_A	97.9	187	4	0	1	187	1	187	1.09E-133	374
ZJ_WZ_contig_9427673_3	105559.Nwat_0631	amoC_B	43.7	213	119	1	29	240	35	247	3.91E-55	179
GD_ZH_contig_5751759||full_9	A0A193LDY3	glnA	79.1	354	73	1	1	353	1	354	1.30E-207	578
LN_DD_contig_20887777||0_partial_1_16	A0A178TC30	glnA	30.4	207	131	7	63	265	61	258	6.24E-15	78.6
FJ_XM_contig_22852056||full_2	A0A1V5UBW9	glnA	30.1	193	119	5	148	329	194	381	2.66E-09	60.8
GD_ST_contig_5157246_27	f70624f3c46dc87b5a7b2e036941c18f	glnA	30.3	314	171	16	39	327	56	346	7.81E-17	83.6
GD_ZH_contig_4327156_17	A0A1N5FT41	glnA	30.1	219	116	12	47	249	51	248	2.78E-08	57.8
SD_QD_contig_15901308_6	3330e19fa787f2221ac236f95b724695	glnA	30.4	207	128	7	37	232	34	235	4.65E-13	72.4
ZJ_NB_contig_15696408||full_45	A0A0K1E116	glnA	31.5	165	103	5	205	361	178	340	7.04E-11	65.9
ZJ_NB_contig_26260114_6	E1QNE6	glnA	30.4	194	116	5	154	339	165	347	9.93E-15	77.4
ZJ_NB_contig_28731407_17	tws:TW509	glnA	31.1	164	99	4	216	368	220	380	3.24E-10	64.3
JS_YC_contig_5544765||full_1	247634.GPB2148_1644	glnA	47.5	40	21	0	1	40	424	463	7.25E-09	50.8
LN_DD_contig_11641895_17	A0A1V5TRX9	glnA	32.1	184	108	9	166	336	197	376	9.00E-10	62.4
ZJ_NB_contig_13757749_5	F0SIB7	glnA	30.1	173	108	5	168	329	205	375	6.14E-08	56.6
ZJ_WZ_contig_9594821||full_32	A0A0A6PC31	glnA	31	174	92	9	198	353	213	376	1.25E-07	55.8
ZJ_NB_contig_28142080_6	f895fb07936f752f72cd4827bb028f70	glnA	31.6	272	157	11	79	339	68	321	5.81E-19	89.7
ZJ_WZ_contig_26528066||full_16	f895fb07936f752f72cd4827bb028f70	glnA	31.6	272	157	11	79	339	68	321	5.81E-19	89.7
ZJ_NB_contig_22046536_32	A0A142YH46	glnA	31.4	169	104	6	181	340	218	383	8.50E-12	68.6
SD_DY_contig_22781247_127	353151.XP_668109.1	glnA	30.9	188	115	6	152	327	211	395	4.50E-09	60.1
SD_DY_contig_17289911||full_4	A0A0S4KVM3	nirD	42.9	98	56	0	5	102	15	112	4.62E-29	103
SD_DY_contig_7462955||full_3	A0A0M6Y8W3	nmo	60.4	321	127	0	1	321	1	321	1.02E-126	367
SD_DY_contig_12835466||full_6	A0A068B1H3	nxrB	59.2	120	39	1	1	120	143	252	2.94E-47	155
