JS_LYG_contig_4849611||full_4	A0A2E3TRU8	mdh	93.8	320	20	0	1	320	1	320	3.77E-214	590
SD_QD_contig_12942742||full_1	A0A2D8HQU9	mdh	90.9	208	19	0	1	208	1	208	4.11E-133	380
LN_DD_contig_8480169||full_3	WP_133867840.1	mdh	88.7	328	37	0	22	349	1	328	6.60E-209	578
JS_LYG_contig_3194504||full_3	470176933	metF	66.5	284	95	0	1	284	1	284	2.34E-138	395
GD_ST_contig_15702450||full_3	627192.SLG_12750	metF	37.8	275	165	3	18	292	11	279	4.87E-58	191
ZJ_WZ_contig_9427673_3	105559.Nwat_0631	pmoC	43.7	213	119	1	29	240	35	247	1.25E-54	179
ZJ_WZ_contig_21932960_5	mbry:B1812_13455	pmoC	33.1	169	86	10	6	161	95	249	2.08E-11	64.7
SD_DY_contig_26989810_27	107636.JQNK01000008_gene4176	pmoC	32.8	131	67	6	41	161	131	250	5.47E-11	63.5
ZJ_NB_contig_28413026||full_3	mbry:B1812_13455	pmoC	32.8	131	67	6	41	161	130	249	1.03E-10	62.8
JS_YC_contig_11282111||full_17	309799.DICTH_1665	serA	33.1	305	194	7	2	300	3	303	7.48E-43	153
FJ_XM_contig_11421452||full_10	861450.HMPREF0080_00250	serA	32.9	316	159	10	3	272	4	312	2.13E-29	119
ZJ_NB_contig_18334046||full_3	lap:ACP90_20665	serA	39.7	300	175	4	5	299	4	302	1.22E-69	222
JS_YC_contig_14923882_5	391009.Tmel_0112	serA	34	244	145	5	52	284	63	301	1.07E-33	128
ZJ_WZ_contig_18055329||full_43	1216967.L100_04831	serA	39.5	172	71	2	119	259	144	313	3.76E-28	113
ZJ_WZ_contig_20495705_16	sbw:TGUWTKB_1760	pfkA	30.7	277	170	11	3	263	5	275	2.42E-21	95.5
JS_YC_contig_10045132||full_4	1120746.CCNL01000017_gene2473	hprA	36.4	308	192	3	1	307	1	305	1.51E-57	191
LN_DD_contig_19607178||full_14	A0A1Z8AF43	glyA	90.7	430	40	0	1	430	1	430	3.10E-292	796
LN_DD_contig_19607178||full_6	WP_138572249.1	glpX	86.6	320	43	0	1	320	1	320	2.87E-194	539
ZJ_WZ_contig_4342049_19	A0A2H0LNI4	glpX	50.8	321	143	2	5	325	1	306	1.03E-107	320
HN_SY_contig_24761009_2	A0A2H0LNI4	glpX	47.8	320	142	3	6	320	7	306	2.10E-98	296
SD_DY_contig_4484199||full_3	435852058	gck	35	429	259	7	2	413	12	437	3.20E-73	239
ZJ_NB_contig_3435110||full_1	ltr:EVS81_04465	frmA	41.8	354	202	3	12	363	13	364	2.19E-80	253
ZJ_NB_contig_3329222_51	1463900.JOIX01000109_gene2032	frmA	35.3	85	52	1	11	95	11	92	2.77E-06	52.8
ZJ_WZ_contig_15436671||full_56	1122915.AUGY01000090_gene5343	frmA	33.3	369	210	7	1	336	1	366	2.07E-50	175
GD_ZH_contig_16010148||full_8	312136949	fdhB	48.4	64	31	1	1	64	311	372	1.39E-12	64.7
