LN_DD_contig_18225122||full_10	397691072	gnl	36.3	388	224	9	15	394	8	380	3.34E-67	222
GD_ZH_contig_13687019||full_2	1123511.KB905840_gene776	gnl	39	310	175	4	36	336	2	306	2.87E-65	212
GD_ZH_contig_25211910||full_9	slim:SCL_0775	gnd	75.3	299	74	0	1	299	1	299	2.28E-163	460
ZJ_WZ_contig_10319960_25	myt:MYE_02575	gnd	31.4	159	98	3	29	177	32	189	4.91E-16	82
GD_ZH_contig_21213122||full_2	slim:SCL_0775	gnd	75.9	299	72	0	1	299	1	299	1.69E-165	465
SD_DY_contig_12068191||full_3	A0A534V3G6	gnd	56.7	298	128	1	1	298	1	297	1.07E-123	359
GD_ZH_contig_26133001_40	scou:SCORR_v1c09870	prsA	33	221	129	6	76	282	74	289	9.49E-26	109
ZJ_WZ_contig_12535480_13	1006581.GCW_03255	prsA	32.1	293	170	12	13	294	26	300	1.62E-26	110
ZJ_WZ_contig_13756059_6	tht:E2K93_02045	prsA	59.5	311	124	2	6	315	5	314	1.51E-124	362
ZJ_WZ_contig_9366902_20	913325.N799_03000	prsA	58.8	318	130	1	1	318	1	317	1.69E-126	368
SD_DY_contig_8815207_62	272942.RCAP_rcc02823	prsA	30.7	241	149	7	15	248	35	264	4.15E-25	106
LN_DD_contig_20887777||0_partial_1_19	epa:110250498	prsA	38.7	351	169	7	28	378	23	327	3.64E-75	240
ZJ_NB_contig_15990945||full_1	1122138.AQUZ01000033_gene3578	prsA	50	188	87	5	1	188	129	309	9.60E-44	152
JS_YC_contig_14236451_18	262723.MS53_0150	prsA	30.8	250	149	11	53	296	61	292	2.72E-12	70.9
ZJ_NB_contig_16173663_13	5693.XP_811028.1	prsA	30.1	113	72	2	135	247	170	275	1.33E-05	50.4
ZJ_WZ_contig_4854004_20	318829.MGG_06678T0	prsA	30.9	139	74	5	163	299	292	410	1.82E-08	59.7
HN_SY_contig_7214421_1_2	679189.HMPREF9019_0838	prsA	43.6	275	145	4	32	305	36	301	7.86E-64	207
SD_QD_contig_10747929_8	262719.MHJ_0654	prsA	30.8	266	153	9	42	300	40	281	5.09E-21	95.9
GD_ZH_contig_20370314||full_1	A0A6M8UZH8	deoB	71.4	49	14	0	1	49	339	387	7.90E-18	78.2
GD_ZH_contig_20709471||0_partial_4	A0A3D5HCW3	deoB	65.6	349	120	0	1	349	35	383	6.02E-169	479
ZJ_NB_contig_16519706||full_14	A0A497ARJ5	ppa	42.4	172	96	3	1	170	1	171	4.23E-40	137
FJ_XM_contig_14522063||full_3	vbl:L21SP4_01818	phoA	46.2	351	175	4	15	364	9	346	1.21E-91	282
GD_ZH_contig_13731975||full_3	vbl:L21SP4_01818	phoA	49.6	351	164	3	16	365	8	346	2.79E-101	307
GD_ZH_contig_19470049||full_9	vbl:L21SP4_01818	phoA	46.1	345	173	3	21	364	14	346	9.12E-88	273
JS_LYG_contig_13161309||full_2	vbl:L21SP4_01818	phoA	46.2	346	173	2	19	363	12	345	1.28E-96	295
FJ_XM_contig_20039342||full_13	vbl:L21SP4_01818	phoA	49.6	345	163	3	19	362	12	346	1.93E-103	312
JS_LYG_contig_22947524||full_7	vbl:L21SP4_01818	phoA	46.4	345	172	2	21	364	14	346	2.06E-95	292
JS_LYG_contig_3349682||full_9	vbl:L21SP4_01818	phoA	49.5	333	158	3	30	362	23	345	2.26E-94	289
JS_YC_contig_22976930||0_partial_11	vbl:L21SP4_01818	phoA	48.1	349	171	3	14	362	7	345	2.71E-98	299
SD_QD_contig_30700263||full_6	vbl:L21SP4_01818	phoA	49.2	354	168	3	9	362	5	346	8.85E-102	308
SD_QD_contig_31470077||0_partial_8	vbl:L21SP4_01818	phoA	46.1	347	174	2	16	361	12	346	3.86E-95	291
ZJ_NB_contig_2101842||full_5	vbl:L21SP4_01818	phoA	45.6	351	179	2	13	363	7	345	4.30E-96	294
ZJ_NB_contig_3305153||0_partial_10	vbl:L21SP4_01818	phoA	45.3	353	172	3	17	364	10	346	2.41E-91	281
JS_YC_contig_4113688||full_2	1392490.JHZX01000001_gene201	phoX	33.5	176	98	7	697	868	1753	1913	4.27E-15	86.7
ZJ_WZ_contig_13692288_5	1208583.COMX_01185	phoN	35.2	91	58	1	82	172	140	229	1.73E-08	56.6
ZJ_NB_contig_25298423_7	A0A3S4HX55	phoN	36.8	87	52	1	82	165	18	104	1.07E-06	50.1
ZJ_WZ_contig_12998247_4	A0A3S4HX55	phoN	36.8	87	52	1	82	165	18	104	1.07E-06	50.1
ZJ_WZ_contig_7003658_2	1151119.KB895494_gene3188	phy	32.4	188	112	8	44	226	487	664	3.94E-09	60.5
GX_BH_contig_24636524_1	889378.Spiaf_2690	glpQ	31.3	166	86	6	952	1104	46	196	2.61E-09	64.3
JS_YC_contig_27285463||full_4	1000569.HMPREF1040_1158	glpQ	33.1	145	90	2	33	171	1	144	1.14E-12	70.1
FJ_XM_contig_15954799_5	1219049.SP5_070_00780	phoH	48.3	209	101	3	30	235	123	327	9.45E-57	187
FJ_XM_contig_16654606_47	1346791.M529_06085	phoH	53	200	93	1	13	212	129	327	1.10E-69	220
FJ_XM_contig_18619704_17	WP_144196666.1	phoH	58.9	202	83	0	30	231	49	250	2.06E-79	243
FJ_XM_contig_22744443_46	1209072.ALBT01000003_gene751	phoH	48.8	209	107	0	27	235	56	264	6.14E-67	212
FJ_XM_contig_33356863_3	A0A5C7LAQ4	phoH	35.7	230	129	5	16	242	93	306	1.53E-35	132
FJ_XM_contig_7659410_1	A0A822X0E7	phoH	43.3	150	77	2	5	147	55	203	2.12E-39	137
FJ_XM_contig_9196250_4	1096546.WYO_5809	phoH	58	205	86	0	22	226	29	233	3.79E-84	253
GD_ST_contig_11052085_44	1121346.KB899816_gene3346	phoH	47.1	210	105	4	33	240	99	304	4.29E-56	185
GD_ZH_contig_12935405_2	433654792	phoH	40.5	220	128	3	33	252	102	318	4.47E-43	152
GD_ZH_contig_8673943_8	330813324	phoH	35	220	135	4	5	220	120	335	3.27E-33	125
GX_BH_contig_7966449_33	521003.COLINT_02277	phoH	49.3	215	107	1	4	216	109	323	1.76E-64	207
HN_SY_contig_27406547_6	110639345	phoH	38.8	98	57	1	38	135	114	208	5.17E-14	71.2
HN_SY_contig_29751101_8	411489.CLOL250_00154	phoH	48.1	208	103	3	33	239	97	300	5.66E-57	188
HN_SY_contig_6553498_18	bly:A2T55_10140	phoH	49.7	197	99	0	20	216	118	314	3.12E-62	201
JS_LYG_contig_11008774_15	1336243.JAEA01000014_gene3657	phoH	41.2	211	122	2	34	244	33	241	3.20E-51	171
JS_LYG_contig_15240458_1_16	pmuc:ING2E5A_0594	phoH	38.7	186	109	4	33	215	121	304	3.62E-34	128
JS_LYG_contig_18088508_5	lpk:LACPI_1988	phoH	43.4	196	104	4	25	215	117	310	7.65E-37	135
JS_LYG_contig_23192937_14	225848715	phoH	46.2	212	110	1	15	226	50	257	2.01E-60	194
JS_YC_contig_10511516_fragment_1_47	1123508.JH636439_gene1729	phoH	42.1	216	114	5	17	232	108	312	2.85E-52	175
JS_YC_contig_13364454_42	A0A7X3G8J1	phoH	43.4	212	118	1	25	234	109	320	1.91E-56	186
JS_YC_contig_24434434_27	883114.HMPREF9709_01249	phoH	41.3	206	118	3	47	252	101	303	2.37E-43	152
JS_YC_contig_5357844||full_12	861360.AARI_16840	phoH	47.1	204	107	1	16	218	118	321	5.16E-61	198
JS_YC_contig_9094437_4	1144932.ATTF01000008_gene503	phoH	41.1	214	123	2	6	216	113	326	4.63E-47	161
LN_DD_contig_20087383_1	862751.SACTE_1958	phoH	35.9	170	100	3	56	217	428	596	9.54E-22	103
LN_DD_contig_24251739_15	1158345.JNLL01000001_gene1684	phoH	48.1	206	106	1	19	223	62	267	6.80E-62	198
LN_DD_contig_9156332_8	1121947.AUHK01000013_gene607	phoH	48.4	182	91	2	1	182	137	315	4.46E-51	171
LN_DD_contig_984087_1_1	883113.HMPREF9708_01285	phoH	45.4	207	107	3	22	226	118	320	1.33E-56	186
SD_DY_contig_1079555||full_3	plak:A1s21155_02110	phoH	51.9	208	98	2	16	221	107	314	6.57E-63	202
SD_DY_contig_2244011_27	cyy:CPC19_01885	phoH	42.1	209	119	2	37	245	14	220	1.05E-48	164
SD_DY_contig_8217764_28	1408417.JHYB01000002_gene438	phoH	45.5	213	108	5	12	221	109	316	1.01E-48	166
SD_QD_contig_17414392_6	ksd:KS2013_2088	phoH	48.1	206	100	4	33	236	117	317	1.34E-57	189
SD_QD_contig_18428841_1	189219765	phoH	37.2	196	117	3	61	256	125	314	1.02E-32	125
SD_QD_contig_19075331_3	315497215	phoH	41	188	106	4	32	215	125	311	2.98E-34	128
SD_QD_contig_23205680_6	WP_125422631.1	phoH	42	205	117	1	21	223	109	313	1.48E-52	177
SD_QD_contig_24687217_3	1410632.JHWW01000002_gene2332	phoH	46.6	206	103	4	33	236	112	312	6.11E-56	185
SD_QD_contig_4154517_54	257064000	phoH	43.1	218	112	5	26	243	110	315	7.67E-53	177
SD_QD_contig_7626019_10	1219049.SP5_070_00780	phoH	48.3	209	101	3	30	235	123	327	9.45E-57	187
ZJ_NB_contig_10389380_7	ccj:UL81_08515	phoH	36.5	208	127	4	14	218	109	314	1.18E-36	134
ZJ_NB_contig_13385694_26	cmiu:B1H56_02815	phoH	43.7	206	112	2	17	220	99	302	4.42E-54	179
ZJ_NB_contig_15029503||full_5	1203611.KB894542_gene774	phoH	35.8	201	120	4	33	231	120	313	2.48E-36	134
ZJ_NB_contig_15581104||full_3	WP_144196666.1	phoH	47.9	238	116	2	6	243	20	249	3.16E-67	212
ZJ_NB_contig_19913192||full_20	A0A7L7KTT0	phoH	41.9	217	117	4	50	264	96	305	1.89E-52	177
ZJ_NB_contig_24514029_9	391009.Tmel_0579	phoH	44.1	202	113	0	21	222	106	307	8.26E-53	176
ZJ_NB_contig_7455751_2	1408417.JHYB01000002_gene438	phoH	52.1	73	34	1	1	73	245	316	2.07E-17	77.8
ZJ_NB_contig_7776553||full_1_27	1280948.HY36_10500	phoH	37.4	198	122	1	47	244	63	258	4.38E-40	143
ZJ_WZ_contig_1098857_3	883113.HMPREF9708_01285	phoH	45.9	207	106	3	36	240	118	320	1.08E-56	187
ZJ_WZ_contig_11369905_4	529063776	phoH	53.3	214	99	1	36	249	12	224	2.06E-77	237
ZJ_WZ_contig_13083265_12	883113.HMPREF9708_01285	phoH	45.4	207	107	3	23	227	118	320	6.91E-57	187
ZJ_WZ_contig_13093180_9	309803.CTN_0986	phoH	48	202	104	1	23	224	110	310	8.24E-64	204
ZJ_WZ_contig_14744321_7	986075.CathTA2_1812	phoH	50.5	210	101	2	13	220	107	315	1.30E-64	207
ZJ_WZ_contig_16170747||full_1_21	awa:AA650_23465	phoH	45	211	113	2	49	259	106	313	1.44E-61	200
ZJ_WZ_contig_17272489_16	1539298.JO41_09955	phoH	49.5	204	100	1	26	229	110	310	1.38E-63	204
ZJ_WZ_contig_20453925||full_12	869209.Tresu_1666	phoH	40	190	107	3	49	236	122	306	2.63E-38	139
ZJ_WZ_contig_22027374_8	1449350.OCH239_20690	phoH	46.6	208	104	4	33	238	3	205	2.90E-58	187
ZJ_WZ_contig_26920327_6	WP_144196666.1	phoH	44	207	116	0	14	220	45	251	3.20E-55	180
ZJ_WZ_contig_3796001||full_15	mets:DK389_10420	phoH	43.9	205	111	2	33	234	32	235	1.51E-56	184
ZJ_WZ_contig_4275930_39	1410638.JHXJ01000002_gene1350	phoH	43.1	216	112	4	16	231	102	306	1.80E-53	178
ZJ_WZ_contig_5160664_16	WP_144196666.1	phoH	44.2	206	115	0	14	219	45	250	3.20E-55	180
ZJ_WZ_contig_5680003_2	313672929	phoH	46.1	204	108	1	20	221	107	310	5.23E-56	184
ZJ_WZ_contig_5896328_18	1150469.RSPPHO_00182	phoH	45	220	115	1	21	240	102	315	1.11E-61	199
ZJ_WZ_contig_8296845_26	147677225	phoH	48.3	203	97	5	4	200	114	314	2.22E-53	177
ZJ_WZ_contig_9001354_1	1410617.JHXH01000007_gene1594	phoH	46.3	160	80	2	4	158	111	269	4.36E-45	154
ZJ_WZ_contig_9375376_2	1469607.KK073768_gene2790	phoH	46.4	209	105	3	43	249	105	308	4.70E-60	196
LN_DD_contig_19607178||full_13	391615.ABSJ01000031_gene759	pstS	34.3	394	220	8	121	511	40	397	2.64E-53	189
ZJ_NB_contig_12008308_69	1156935.QWE_19878	pstS	52.2	320	139	5	6	312	11	329	3.48E-103	310
ZJ_NB_contig_228772||full_2	1454004.AW11_02484	pstB	74.9	255	64	0	4	258	14	268	1.74E-142	404
