FJ_XM_contig_27440023||full_1	abf:AMK58_24475	sqr	63.6	99	36	0	1	99	1	99	3.66E-37	132
GX_BH_contig_27422001||full_14	1049564.TevJSym_ai00470	dsrC	71.1	97	28	0	1	97	3	99	1.30E-51	160
GD_ZH_contig_13482994||0_partial_3	431929604	dsrE	43.8	128	59	4	1	115	1	128	3.58E-25	95.5
GD_ZH_contig_13482994||0_partial_2	acii:C4901_06780	dsrF	30	100	65	1	18	112	29	128	1.35E-08	52.8
GD_ZH_contig_24844835||full_3	880073.Calab_0418	asrB	66.3	279	94	0	1	279	1	279	3.64E-141	401
JS_LYG_contig_15821115_67	WP_052368917.1	cysN	42.2	405	223	6	4	400	6	407	2.50E-102	312
FJ_XM_contig_9717194_15	WP_020851905.1	cysH	31.1	209	104	6	74	278	30	202	1.12E-14	77
HN_SY_contig_34732266||full_1_72	114320419	cysH	42.9	63	33	2	119	180	135	195	4.16E-06	50.4
SD_QD_contig_486889||full_7	fpf:DCC35_09885	cysH	59.8	219	87	1	1	219	1	218	1.13E-98	289
ZJ_NB_contig_12905529||full_1	161527561	cysH	90.2	51	5	0	1	51	1	51	5.51E-24	92.4
ZJ_WZ_contig_4196600_21	1137281.D778_00525	cysH	36.4	239	120	9	8	241	21	232	1.99E-36	132
JS_LYG_contig_15821115_66	WP_012530064.1	cysD	63.4	268	96	2	1	266	1	268	1.72E-126	363
FJ_XM_contig_33768249_18	WP_086906908.1	cysC	37.4	139	81	2	2	134	5	143	1.94E-20	85.5
GX_BH_contig_13778499_5	335992.SAR11_1261	cysC	41.4	87	43	3	1	83	39	121	8.95E-10	54.7
GX_BH_contig_13778499_6	WP_051878697.1	cysC	30.8	159	90	4	2	140	16	174	1.24E-18	81.6
HN_SY_contig_45295_44	WP_117572456.1	cysC	30.2	126	74	5	2	119	3	122	4.08E-11	60.1
JS_LYG_contig_9207626_1	WP_053617082.1	cysC	36.6	123	55	5	5	118	3	111	2.75E-14	67.8
JS_YC_contig_10511516_fragment_1_120	A0A524NIE4	cysC	71.2	260	67	3	1	259	1	253	3.11E-131	374
JS_YC_contig_10511516_fragment_1_121	A0A2D9SNW3	cysC	33.9	165	94	6	9	166	144	300	6.72E-20	87.8
JS_YC_contig_16845322||full_7	WP_135303375.1	cysC	39.4	109	65	1	5	113	172	279	1.32E-19	84.7
JS_YC_contig_16845322||full_8	WP_110841387.1	cysC	43.3	104	59	0	4	107	29	132	1.43E-23	94.4
JS_YC_contig_798280_8	WP_097017131.1	cysC	51.1	184	75	2	136	319	24	192	9.92E-50	168
LN_DD_contig_13124762_7	A0A2A3T8H3	cysC	36.8	163	83	4	2	144	5	167	1.74E-22	90.9
LN_DD_contig_5159297||full_2	A0A2N6CPS9	cysC	98.1	215	4	0	1	215	1	215	5.95E-152	423
SD_DY_contig_13952406_15	A0A1F7PEY5	cysC	53.2	171	78	1	2	170	6	176	1.67E-56	179
SD_DY_contig_18351358||full_15	WP_116983550.1	cysC	57.6	170	71	1	70	238	2	171	4.87E-64	200
SD_DY_contig_26443273||full_5	WP_118493953.1	cysC	31.2	141	72	5	1	135	1	122	1.26E-12	64.7
SD_QD_contig_10526744_12	WP_102148492.1	cysC	31.8	110	69	3	7	111	16	124	2.03E-09	57
SD_QD_contig_26354637||full_10	WP_122139327.1	cysC	32.3	130	72	5	8	132	4	122	1.33E-13	67
ZJ_WZ_contig_16657118_3	WP_106921342.1	cysC	57.2	173	74	0	3	175	7	179	2.51E-59	186
ZJ_WZ_contig_22899374||full_1_40	WP_102713473.1	cysC	36	111	62	3	12	116	4	111	3.86E-12	63.9
ZJ_WZ_contig_25703652_22	WP_053617082.1	cysC	30.8	120	68	4	10	124	6	115	4.77E-09	54.3
ZJ_WZ_contig_5536068_34	WP_102713473.1	cysC	41	105	55	3	12	109	4	108	9.97E-16	73.2
